# JRE version: Java(TM) SE Runtime Environment (8.0_60-b27) (build 1.8.0_60-b27)
# Java VM: Java HotSpot(TM) 64-Bit Server VM (25.60-b23 mixed mode windows-amd64 compressed oops)
Heap:
 PSYoungGen      total 1699328K, used 1672335K [0x0000000694b80000, 0x00000006fc880000, 0x00000007c0000000)
  eden space 1698816K, 98% used [0x0000000694b80000,0x00000006fac6be88,0x00000006fc680000)
  from space 512K, 43% used [0x00000006fc800000,0x00000006fc838000,0x00000006fc880000)
  to   space 1024K, 0% used [0x00000006fc680000,0x00000006fc680000,0x00000006fc780000)
 ParOldGen       total 2796544K, used 283870K [0x000000043e200000, 0x00000004e8d00000, 0x0000000694b80000)
  object space 2796544K, 10% used [0x000000043e200000,0x000000044f7378a8,0x00000004e8d00000)
 Metaspace       used 6695K, capacity 6856K, committed 6912K, reserved 1056768K
  class space    used 643K, capacity 712K, committed 768K, reserved 1048576K
GC Heap History (10 events):
Event: 89.719 GC heap before
{Heap before GC invocations=65 (full 3):
 PSYoungGen      total 1699840K, used 1695789K [0x0000000694b80000, 0x00000006fc880000, 0x00000007c0000000)
  eden space 1698816K, 99% used [0x0000000694b80000,0x00000006fc34b6e0,0x00000006fc680000)
  from space 1024K, 25% used [0x00000006fc680000,0x00000006fc6c0000,0x00000006fc780000)
  to   space 512K, 0% used [0x00000006fc800000,0x00000006fc800000,0x00000006fc880000)
 ParOldGen       total 2796544K, used 243158K [0x000000043e200000, 0x00000004e8d00000, 0x0000000694b80000)
  object space 2796544K, 8% used [0x000000043e200000,0x000000044cf759f8,0x00000004e8d00000)
 Metaspace       used 6695K, capacity 6856K, committed 6912K, reserved 1056768K
  class space    used 643K, capacity 712K, committed 768K, reserved 1048576K
Event: 89.724 GC heap after
Heap after GC invocations=65 (full 3):
 PSYoungGen      total 1699328K, used 224K [0x0000000694b80000, 0x00000006fc880000, 0x00000007c0000000)
  eden space 1698816K, 0% used [0x0000000694b80000,0x0000000694b80000,0x00000006fc680000)
  from space 512K, 43% used [0x00000006fc800000,0x00000006fc838000,0x00000006fc880000)
  to   space 1024K, 0% used [0x00000006fc680000,0x00000006fc680000,0x00000006fc780000)
 ParOldGen       total 2796544K, used 251211K [0x000000043e200000, 0x00000004e8d00000, 0x0000000694b80000)
  object space 2796544K, 8% used [0x000000043e200000,0x000000044d752ce8,0x00000004e8d00000)
 Metaspace       used 6695K, capacity 6856K, committed 6912K, reserved 1056768K
  class space    used 643K, capacity 712K, committed 768K, reserved 1048576K
}
Event: 89.971 GC heap before
{Heap before GC invocations=66 (full 3):
 PSYoungGen      total 1699328K, used 1695750K [0x0000000694b80000, 0x00000006fc880000, 0x00000007c0000000)
  eden space 1698816K, 99% used [0x0000000694b80000,0x00000006fc349a58,0x00000006fc680000)
  from space 512K, 43% used [0x00000006fc800000,0x00000006fc838000,0x00000006fc880000)
  to   space 1024K, 0% used [0x00000006fc680000,0x00000006fc680000,0x00000006fc780000)
 ParOldGen       total 2796544K, used 251211K [0x000000043e200000, 0x00000004e8d00000, 0x0000000694b80000)
  object space 2796544K, 8% used [0x000000043e200000,0x000000044d752ce8,0x00000004e8d00000)
 Metaspace       used 6695K, capacity 6856K, committed 6912K, reserved 1056768K
  class space    used 643K, capacity 712K, committed 768K, reserved 1048576K
Event: 89.975 GC heap after
Heap after GC invocations=66 (full 3):
 PSYoungGen      total 1699840K, used 224K [0x0000000694b80000, 0x00000006fc880000, 0x00000007c0000000)
  eden space 1698816K, 0% used [0x0000000694b80000,0x0000000694b80000,0x00000006fc680000)
  from space 1024K, 21% used [0x00000006fc680000,0x00000006fc6b8000,0x00000006fc780000)
  to   space 512K, 0% used [0x00000006fc800000,0x00000006fc800000,0x00000006fc880000)
 ParOldGen       total 2796544K, used 259255K [0x000000043e200000, 0x00000004e8d00000, 0x0000000694b80000)
  object space 2796544K, 9% used [0x000000043e200000,0x000000044df2dfd8,0x00000004e8d00000)
 Metaspace       used 6695K, capacity 6856K, committed 6912K, reserved 1056768K
  class space    used 643K, capacity 712K, committed 768K, reserved 1048576K
}
Event: 90.328 GC heap before
{Heap before GC invocations=67 (full 3):
 PSYoungGen      total 1699840K, used 1695746K [0x0000000694b80000, 0x00000006fc880000, 0x00000007c0000000)
  eden space 1698816K, 99% used [0x0000000694b80000,0x00000006fc348930,0x00000006fc680000)
  from space 1024K, 21% used [0x00000006fc680000,0x00000006fc6b8000,0x00000006fc780000)
  to   space 512K, 0% used [0x00000006fc800000,0x00000006fc800000,0x00000006fc880000)
 ParOldGen       total 2796544K, used 259255K [0x000000043e200000, 0x00000004e8d00000, 0x0000000694b80000)
  object space 2796544K, 9% used [0x000000043e200000,0x000000044df2dfd8,0x00000004e8d00000)
 Metaspace       used 6695K, capacity 6856K, committed 6912K, reserved 1056768K
  class space    used 643K, capacity 712K, committed 768K, reserved 1048576K
Event: 90.342 GC heap after
Heap after GC invocations=67 (full 3):
 PSYoungGen      total 1699328K, used 224K [0x0000000694b80000, 0x00000006fc880000, 0x00000007c0000000)
  eden space 1698816K, 0% used [0x0000000694b80000,0x0000000694b80000,0x00000006fc680000)
  from space 512K, 43% used [0x00000006fc800000,0x00000006fc838000,0x00000006fc880000)
  to   space 1024K, 0% used [0x00000006fc680000,0x00000006fc680000,0x00000006fc780000)
 ParOldGen       total 2796544K, used 267284K [0x000000043e200000, 0x00000004e8d00000, 0x0000000694b80000)
  object space 2796544K, 9% used [0x000000043e200000,0x000000044e7052c8,0x00000004e8d00000)
 Metaspace       used 6695K, capacity 6856K, committed 6912K, reserved 1056768K
  class space    used 643K, capacity 712K, committed 768K, reserved 1048576K
}
Event: 90.693 GC heap before
{Heap before GC invocations=68 (full 3):
 PSYoungGen      total 1699328K, used 1695743K [0x0000000694b80000, 0x00000006fc880000, 0x00000007c0000000)
  eden space 1698816K, 99% used [0x0000000694b80000,0x00000006fc347ec8,0x00000006fc680000)
  from space 512K, 43% used [0x00000006fc800000,0x00000006fc838000,0x00000006fc880000)
  to   space 1024K, 0% used [0x00000006fc680000,0x00000006fc680000,0x00000006fc780000)
 ParOldGen       total 2796544K, used 267284K [0x000000043e200000, 0x00000004e8d00000, 0x0000000694b80000)
  object space 2796544K, 9% used [0x000000043e200000,0x000000044e7052c8,0x00000004e8d00000)
 Metaspace       used 6695K, capacity 6856K, committed 6912K, reserved 1056768K
  class space    used 643K, capacity 712K, committed 768K, reserved 1048576K
Event: 90.731 GC heap after
Heap after GC invocations=68 (full 3):
 PSYoungGen      total 1699840K, used 736K [0x0000000694b80000, 0x00000006fc880000, 0x00000007c0000000)
  eden space 1698816K, 0% used [0x0000000694b80000,0x0000000694b80000,0x00000006fc680000)
  from space 1024K, 71% used [0x00000006fc680000,0x00000006fc738000,0x00000006fc780000)
  to   space 512K, 0% used [0x00000006fc800000,0x00000006fc800000,0x00000006fc880000)
 ParOldGen       total 2796544K, used 275321K [0x000000043e200000, 0x00000004e8d00000, 0x0000000694b80000)
  object space 2796544K, 9% used [0x000000043e200000,0x000000044eede5b8,0x00000004e8d00000)
 Metaspace       used 6695K, capacity 6856K, committed 6912K, reserved 1056768K
  class space    used 643K, capacity 712K, committed 768K, reserved 1048576K
}
Event: 91.009 GC heap before
{Heap before GC invocations=69 (full 3):
 PSYoungGen      total 1699840K, used 1696254K [0x0000000694b80000, 0x00000006fc880000, 0x00000007c0000000)
  eden space 1698816K, 99% used [0x0000000694b80000,0x00000006fc347a50,0x00000006fc680000)
  from space 1024K, 71% used [0x00000006fc680000,0x00000006fc738000,0x00000006fc780000)
  to   space 512K, 0% used [0x00000006fc800000,0x00000006fc800000,0x00000006fc880000)
 ParOldGen       total 2796544K, used 275321K [0x000000043e200000, 0x00000004e8d00000, 0x0000000694b80000)
  object space 2796544K, 9% used [0x000000043e200000,0x000000044eede5b8,0x00000004e8d00000)
 Metaspace       used 6695K, capacity 6856K, committed 6912K, reserved 1056768K
  class space    used 643K, capacity 712K, committed 768K, reserved 1048576K
Event: 91.029 GC heap after
Heap after GC invocations=69 (full 3):
 PSYoungGen      total 1699328K, used 224K [0x0000000694b80000, 0x00000006fc880000, 0x00000007c0000000)
  eden space 1698816K, 0% used [0x0000000694b80000,0x0000000694b80000,0x00000006fc680000)
  from space 512K, 43% used [0x00000006fc800000,0x00000006fc838000,0x00000006fc880000)
  to   space 1024K, 0% used [0x00000006fc680000,0x00000006fc680000,0x00000006fc780000)
 ParOldGen       total 2796544K, used 283870K [0x000000043e200000, 0x00000004e8d00000, 0x0000000694b80000)
  object space 2796544K, 10% used [0x000000043e200000,0x000000044f7378a8,0x00000004e8d00000)
 Metaspace       used 6695K, capacity 6856K, committed 6912K, reserved 1056768K
  class space    used 643K, capacity 712K, committed 768K, reserved 1048576K
}

